  DynamicArray.TestDriver.cpp
C:\Users\B5SK\Documents\School\DVC\2020-Spring\COMSC-210 Program Design & Data Structures\Programming Assignments\DynamicArray\DynamicArray\DynamicArray.h(31,2): error C2953: 'DynamicArray': class template has already been defined
C:\Users\B5SK\Documents\School\DVC\2020-Spring\COMSC-210 Program Design & Data Structures\Programming Assignments\DynamicArray\DynamicArray\DynamicArray.h(15): message : see declaration of 'DynamicArray'
C:\Users\B5SK\Documents\School\DVC\2020-Spring\COMSC-210 Program Design & Data Structures\Programming Assignments\DynamicArray\DynamicArray\DynamicArray.h(34,40): error C2244: 'DynamicArray::DynamicArray': unable to match function definition to an existing declaration
C:\Users\B5SK\Documents\School\DVC\2020-Spring\COMSC-210 Program Design & Data Structures\Programming Assignments\DynamicArray\DynamicArray\DynamicArray.h(34): message : see declaration of 'DynamicArray::DynamicArray'
C:\Users\B5SK\Documents\School\DVC\2020-Spring\COMSC-210 Program Design & Data Structures\Programming Assignments\DynamicArray\DynamicArray\DynamicArray.h(34,40): message : definition
C:\Users\B5SK\Documents\School\DVC\2020-Spring\COMSC-210 Program Design & Data Structures\Programming Assignments\DynamicArray\DynamicArray\DynamicArray.h(34,40): message : 'DynamicArray::DynamicArray(int)'
C:\Users\B5SK\Documents\School\DVC\2020-Spring\COMSC-210 Program Design & Data Structures\Programming Assignments\DynamicArray\DynamicArray\DynamicArray.h(34,40): message : existing declarations
C:\Users\B5SK\Documents\School\DVC\2020-Spring\COMSC-210 Program Design & Data Structures\Programming Assignments\DynamicArray\DynamicArray\DynamicArray.h(34,40): message : 'DynamicArray<T>::DynamicArray(const DynamicArray<T> &)'
C:\Users\B5SK\Documents\School\DVC\2020-Spring\COMSC-210 Program Design & Data Structures\Programming Assignments\DynamicArray\DynamicArray\DynamicArray.h(34,40): message : 'DynamicArray<T>::DynamicArray(int)'
C:\Users\B5SK\Documents\School\DVC\2020-Spring\COMSC-210 Program Design & Data Structures\Programming Assignments\DynamicArray\DynamicArray\DynamicArray.h(47,64): error C2244: 'DynamicArray::DynamicArray': unable to match function definition to an existing declaration
C:\Users\B5SK\Documents\School\DVC\2020-Spring\COMSC-210 Program Design & Data Structures\Programming Assignments\DynamicArray\DynamicArray\DynamicArray.h(47): message : see declaration of 'DynamicArray::DynamicArray'
C:\Users\B5SK\Documents\School\DVC\2020-Spring\COMSC-210 Program Design & Data Structures\Programming Assignments\DynamicArray\DynamicArray\DynamicArray.h(47,64): message : definition
C:\Users\B5SK\Documents\School\DVC\2020-Spring\COMSC-210 Program Design & Data Structures\Programming Assignments\DynamicArray\DynamicArray\DynamicArray.h(47,64): message : 'DynamicArray::DynamicArray(const DynamicArray &)'
C:\Users\B5SK\Documents\School\DVC\2020-Spring\COMSC-210 Program Design & Data Structures\Programming Assignments\DynamicArray\DynamicArray\DynamicArray.h(47,64): message : existing declarations
C:\Users\B5SK\Documents\School\DVC\2020-Spring\COMSC-210 Program Design & Data Structures\Programming Assignments\DynamicArray\DynamicArray\DynamicArray.h(47,64): message : 'DynamicArray<T>::DynamicArray(const DynamicArray<T> &)'
C:\Users\B5SK\Documents\School\DVC\2020-Spring\COMSC-210 Program Design & Data Structures\Programming Assignments\DynamicArray\DynamicArray\DynamicArray.h(47,64): message : 'DynamicArray<T>::DynamicArray(int)'
C:\Users\B5SK\Documents\School\DVC\2020-Spring\COMSC-210 Program Design & Data Structures\Programming Assignments\DynamicArray\DynamicArray\DynamicArray.h(61,1): error C2244: 'DynamicArray::operator =': unable to match function definition to an existing declaration
C:\Users\B5SK\Documents\School\DVC\2020-Spring\COMSC-210 Program Design & Data Structures\Programming Assignments\DynamicArray\DynamicArray\DynamicArray.h(60): message : see declaration of 'DynamicArray::operator ='
C:\Users\B5SK\Documents\School\DVC\2020-Spring\COMSC-210 Program Design & Data Structures\Programming Assignments\DynamicArray\DynamicArray\DynamicArray.h(61,1): message : definition
C:\Users\B5SK\Documents\School\DVC\2020-Spring\COMSC-210 Program Design & Data Structures\Programming Assignments\DynamicArray\DynamicArray\DynamicArray.h(61,1): message : 'DynamicArray &DynamicArray::operator =(const DynamicArray &)'
C:\Users\B5SK\Documents\School\DVC\2020-Spring\COMSC-210 Program Design & Data Structures\Programming Assignments\DynamicArray\DynamicArray\DynamicArray.h(61,1): message : existing declarations
C:\Users\B5SK\Documents\School\DVC\2020-Spring\COMSC-210 Program Design & Data Structures\Programming Assignments\DynamicArray\DynamicArray\DynamicArray.h(61,1): message : 'DynamicArray<T> &DynamicArray<T>::operator =(const DynamicArray<T> &)'
C:\Users\B5SK\Documents\School\DVC\2020-Spring\COMSC-210 Program Design & Data Structures\Programming Assignments\DynamicArray\DynamicArray\DynamicArray.h(80,39): error C2244: 'DynamicArray::capacity': unable to match function definition to an existing declaration
C:\Users\B5SK\Documents\School\DVC\2020-Spring\COMSC-210 Program Design & Data Structures\Programming Assignments\DynamicArray\DynamicArray\DynamicArray.h(80): message : see declaration of 'DynamicArray::capacity'
C:\Users\B5SK\Documents\School\DVC\2020-Spring\COMSC-210 Program Design & Data Structures\Programming Assignments\DynamicArray\DynamicArray\DynamicArray.h(80,39): message : definition
C:\Users\B5SK\Documents\School\DVC\2020-Spring\COMSC-210 Program Design & Data Structures\Programming Assignments\DynamicArray\DynamicArray\DynamicArray.h(80,39): message : 'int DynamicArray::capacity(void) const'
C:\Users\B5SK\Documents\School\DVC\2020-Spring\COMSC-210 Program Design & Data Structures\Programming Assignments\DynamicArray\DynamicArray\DynamicArray.h(80,39): message : existing declarations
C:\Users\B5SK\Documents\School\DVC\2020-Spring\COMSC-210 Program Design & Data Structures\Programming Assignments\DynamicArray\DynamicArray\DynamicArray.h(80,39): message : 'void DynamicArray<T>::capacity(int)'
C:\Users\B5SK\Documents\School\DVC\2020-Spring\COMSC-210 Program Design & Data Structures\Programming Assignments\DynamicArray\DynamicArray\DynamicArray.h(80,39): message : 'int DynamicArray<T>::capacity(void) const'
C:\Users\B5SK\Documents\School\DVC\2020-Spring\COMSC-210 Program Design & Data Structures\Programming Assignments\DynamicArray\DynamicArray\DynamicArray.h(87,41): error C2244: 'DynamicArray::capacity': unable to match function definition to an existing declaration
C:\Users\B5SK\Documents\School\DVC\2020-Spring\COMSC-210 Program Design & Data Structures\Programming Assignments\DynamicArray\DynamicArray\DynamicArray.h(87): message : see declaration of 'DynamicArray::capacity'
C:\Users\B5SK\Documents\School\DVC\2020-Spring\COMSC-210 Program Design & Data Structures\Programming Assignments\DynamicArray\DynamicArray\DynamicArray.h(87,41): message : definition
C:\Users\B5SK\Documents\School\DVC\2020-Spring\COMSC-210 Program Design & Data Structures\Programming Assignments\DynamicArray\DynamicArray\DynamicArray.h(87,41): message : 'void DynamicArray::capacity(int)'
C:\Users\B5SK\Documents\School\DVC\2020-Spring\COMSC-210 Program Design & Data Structures\Programming Assignments\DynamicArray\DynamicArray\DynamicArray.h(87,41): message : existing declarations
C:\Users\B5SK\Documents\School\DVC\2020-Spring\COMSC-210 Program Design & Data Structures\Programming Assignments\DynamicArray\DynamicArray\DynamicArray.h(87,41): message : 'void DynamicArray<T>::capacity(int)'
C:\Users\B5SK\Documents\School\DVC\2020-Spring\COMSC-210 Program Design & Data Structures\Programming Assignments\DynamicArray\DynamicArray\DynamicArray.h(87,41): message : 'int DynamicArray<T>::capacity(void) const'
C:\Users\B5SK\Documents\School\DVC\2020-Spring\COMSC-210 Program Design & Data Structures\Programming Assignments\DynamicArray\DynamicArray\DynamicArray.h(110,46): error C2244: 'DynamicArray::operator []': unable to match function definition to an existing declaration
C:\Users\B5SK\Documents\School\DVC\2020-Spring\COMSC-210 Program Design & Data Structures\Programming Assignments\DynamicArray\DynamicArray\DynamicArray.h(110): message : see declaration of 'DynamicArray::operator []'
C:\Users\B5SK\Documents\School\DVC\2020-Spring\COMSC-210 Program Design & Data Structures\Programming Assignments\DynamicArray\DynamicArray\DynamicArray.h(110,46): message : definition
C:\Users\B5SK\Documents\School\DVC\2020-Spring\COMSC-210 Program Design & Data Structures\Programming Assignments\DynamicArray\DynamicArray\DynamicArray.h(110,46): message : 'T DynamicArray::operator [](int) const'
C:\Users\B5SK\Documents\School\DVC\2020-Spring\COMSC-210 Program Design & Data Structures\Programming Assignments\DynamicArray\DynamicArray\DynamicArray.h(110,46): message : existing declarations
C:\Users\B5SK\Documents\School\DVC\2020-Spring\COMSC-210 Program Design & Data Structures\Programming Assignments\DynamicArray\DynamicArray\DynamicArray.h(110,46): message : 'T &DynamicArray<T>::operator [](int)'
C:\Users\B5SK\Documents\School\DVC\2020-Spring\COMSC-210 Program Design & Data Structures\Programming Assignments\DynamicArray\DynamicArray\DynamicArray.h(110,46): message : 'T DynamicArray<T>::operator [](int) const'
C:\Users\B5SK\Documents\School\DVC\2020-Spring\COMSC-210 Program Design & Data Structures\Programming Assignments\DynamicArray\DynamicArray\DynamicArray.h(121,41): error C2244: 'DynamicArray::operator []': unable to match function definition to an existing declaration
C:\Users\B5SK\Documents\School\DVC\2020-Spring\COMSC-210 Program Design & Data Structures\Programming Assignments\DynamicArray\DynamicArray\DynamicArray.h(121): message : see declaration of 'DynamicArray::operator []'
C:\Users\B5SK\Documents\School\DVC\2020-Spring\COMSC-210 Program Design & Data Structures\Programming Assignments\DynamicArray\DynamicArray\DynamicArray.h(121,41): message : definition
C:\Users\B5SK\Documents\School\DVC\2020-Spring\COMSC-210 Program Design & Data Structures\Programming Assignments\DynamicArray\DynamicArray\DynamicArray.h(121,41): message : 'T &DynamicArray::operator [](int)'
C:\Users\B5SK\Documents\School\DVC\2020-Spring\COMSC-210 Program Design & Data Structures\Programming Assignments\DynamicArray\DynamicArray\DynamicArray.h(121,41): message : existing declarations
C:\Users\B5SK\Documents\School\DVC\2020-Spring\COMSC-210 Program Design & Data Structures\Programming Assignments\DynamicArray\DynamicArray\DynamicArray.h(121,41): message : 'T &DynamicArray<T>::operator [](int)'
C:\Users\B5SK\Documents\School\DVC\2020-Spring\COMSC-210 Program Design & Data Structures\Programming Assignments\DynamicArray\DynamicArray\DynamicArray.h(121,41): message : 'T DynamicArray<T>::operator [](int) const'
C:\Users\B5SK\Documents\School\DVC\2020-Spring\COMSC-210 Program Design & Data Structures\Programming Assignments\DynamicArray\DynamicArray\DynamicArray.h(136,33): error C2244: 'DynamicArray::~DynamicArray': unable to match function definition to an existing declaration
C:\Users\B5SK\Documents\School\DVC\2020-Spring\COMSC-210 Program Design & Data Structures\Programming Assignments\DynamicArray\DynamicArray\DynamicArray.h(136): message : see declaration of 'DynamicArray::~DynamicArray'
C:\Users\B5SK\Documents\School\DVC\2020-Spring\COMSC-210 Program Design & Data Structures\Programming Assignments\DynamicArray\DynamicArray\DynamicArray.h(136,33): message : definition
C:\Users\B5SK\Documents\School\DVC\2020-Spring\COMSC-210 Program Design & Data Structures\Programming Assignments\DynamicArray\DynamicArray\DynamicArray.h(136,33): message : 'DynamicArray::~DynamicArray(void)'
C:\Users\B5SK\Documents\School\DVC\2020-Spring\COMSC-210 Program Design & Data Structures\Programming Assignments\DynamicArray\DynamicArray\DynamicArray.h(136,33): message : existing declarations
C:\Users\B5SK\Documents\School\DVC\2020-Spring\COMSC-210 Program Design & Data Structures\Programming Assignments\DynamicArray\DynamicArray\DynamicArray.h(136,33): message : 'DynamicArray<T>::~DynamicArray(void)'
C:\Users\B5SK\Documents\School\DVC\2020-Spring\COMSC-210 Program Design & Data Structures\Programming Assignments\DynamicArray\DynamicArray\DynamicArray.TestDriver.cpp(25,21): error C2512: 'DynamicArray': no appropriate default constructor available
C:\Users\B5SK\Documents\School\DVC\2020-Spring\COMSC-210 Program Design & Data Structures\Programming Assignments\DynamicArray\DynamicArray\DynamicArray.h(15,7): message : see declaration of 'DynamicArray'
C:\Users\B5SK\Documents\School\DVC\2020-Spring\COMSC-210 Program Design & Data Structures\Programming Assignments\DynamicArray\DynamicArray\DynamicArray.TestDriver.cpp(27,4): error C2663: 'DynamicArray<T>::capacity': 2 overloads have no legal conversion for 'this' pointer
C:\Users\B5SK\Documents\School\DVC\2020-Spring\COMSC-210 Program Design & Data Structures\Programming Assignments\DynamicArray\DynamicArray\DynamicArray.TestDriver.cpp(31,26): error C2663: 'DynamicArray<T>::capacity': 2 overloads have no legal conversion for 'this' pointer
C:\Users\B5SK\Documents\School\DVC\2020-Spring\COMSC-210 Program Design & Data Structures\Programming Assignments\DynamicArray\DynamicArray\DynamicArray.TestDriver.cpp(34,6): error C2678: binary '[': no operator found which takes a left-hand operand of type 'DynamicArray' (or there is no acceptable conversion)
C:\Users\B5SK\Documents\School\DVC\2020-Spring\COMSC-210 Program Design & Data Structures\Programming Assignments\DynamicArray\DynamicArray\DynamicArray.h(30,6): message : could be 'T &DynamicArray<T>::operator [](int)'
C:\Users\B5SK\Documents\School\DVC\2020-Spring\COMSC-210 Program Design & Data Structures\Programming Assignments\DynamicArray\DynamicArray\DynamicArray.h(29,5): message : or       'T DynamicArray<T>::operator [](int) const'
C:\Users\B5SK\Documents\School\DVC\2020-Spring\COMSC-210 Program Design & Data Structures\Programming Assignments\DynamicArray\DynamicArray\DynamicArray.TestDriver.cpp(34,6): message : while trying to match the argument list '(DynamicArray, int)'
C:\Users\B5SK\Documents\School\DVC\2020-Spring\COMSC-210 Program Design & Data Structures\Programming Assignments\DynamicArray\DynamicArray\DynamicArray.TestDriver.cpp(35,7): error C2678: binary '[': no operator found which takes a left-hand operand of type 'DynamicArray' (or there is no acceptable conversion)
C:\Users\B5SK\Documents\School\DVC\2020-Spring\COMSC-210 Program Design & Data Structures\Programming Assignments\DynamicArray\DynamicArray\DynamicArray.h(30,6): message : could be 'T &DynamicArray<T>::operator [](int)'
C:\Users\B5SK\Documents\School\DVC\2020-Spring\COMSC-210 Program Design & Data Structures\Programming Assignments\DynamicArray\DynamicArray\DynamicArray.h(29,5): message : or       'T DynamicArray<T>::operator [](int) const'
C:\Users\B5SK\Documents\School\DVC\2020-Spring\COMSC-210 Program Design & Data Structures\Programming Assignments\DynamicArray\DynamicArray\DynamicArray.TestDriver.cpp(35,7): message : while trying to match the argument list '(DynamicArray, int)'
C:\Users\B5SK\Documents\School\DVC\2020-Spring\COMSC-210 Program Design & Data Structures\Programming Assignments\DynamicArray\DynamicArray\DynamicArray.TestDriver.cpp(36,7): error C2678: binary '[': no operator found which takes a left-hand operand of type 'DynamicArray' (or there is no acceptable conversion)
C:\Users\B5SK\Documents\School\DVC\2020-Spring\COMSC-210 Program Design & Data Structures\Programming Assignments\DynamicArray\DynamicArray\DynamicArray.h(30,6): message : could be 'T &DynamicArray<T>::operator [](int)'
C:\Users\B5SK\Documents\School\DVC\2020-Spring\COMSC-210 Program Design & Data Structures\Programming Assignments\DynamicArray\DynamicArray\DynamicArray.h(29,5): message : or       'T DynamicArray<T>::operator [](int) const'
C:\Users\B5SK\Documents\School\DVC\2020-Spring\COMSC-210 Program Design & Data Structures\Programming Assignments\DynamicArray\DynamicArray\DynamicArray.TestDriver.cpp(36,7): message : while trying to match the argument list '(DynamicArray, int)'
C:\Users\B5SK\Documents\School\DVC\2020-Spring\COMSC-210 Program Design & Data Structures\Programming Assignments\DynamicArray\DynamicArray\DynamicArray.TestDriver.cpp(37,7): error C2678: binary '[': no operator found which takes a left-hand operand of type 'DynamicArray' (or there is no acceptable conversion)
C:\Users\B5SK\Documents\School\DVC\2020-Spring\COMSC-210 Program Design & Data Structures\Programming Assignments\DynamicArray\DynamicArray\DynamicArray.h(30,6): message : could be 'T &DynamicArray<T>::operator [](int)'
C:\Users\B5SK\Documents\School\DVC\2020-Spring\COMSC-210 Program Design & Data Structures\Programming Assignments\DynamicArray\DynamicArray\DynamicArray.h(29,5): message : or       'T DynamicArray<T>::operator [](int) const'
C:\Users\B5SK\Documents\School\DVC\2020-Spring\COMSC-210 Program Design & Data Structures\Programming Assignments\DynamicArray\DynamicArray\DynamicArray.TestDriver.cpp(37,7): message : while trying to match the argument list '(DynamicArray, int)'
C:\Users\B5SK\Documents\School\DVC\2020-Spring\COMSC-210 Program Design & Data Structures\Programming Assignments\DynamicArray\DynamicArray\DynamicArray.TestDriver.cpp(38,7): error C2678: binary '[': no operator found which takes a left-hand operand of type 'DynamicArray' (or there is no acceptable conversion)
C:\Users\B5SK\Documents\School\DVC\2020-Spring\COMSC-210 Program Design & Data Structures\Programming Assignments\DynamicArray\DynamicArray\DynamicArray.h(30,6): message : could be 'T &DynamicArray<T>::operator [](int)'
C:\Users\B5SK\Documents\School\DVC\2020-Spring\COMSC-210 Program Design & Data Structures\Programming Assignments\DynamicArray\DynamicArray\DynamicArray.h(29,5): message : or       'T DynamicArray<T>::operator [](int) const'
C:\Users\B5SK\Documents\School\DVC\2020-Spring\COMSC-210 Program Design & Data Structures\Programming Assignments\DynamicArray\DynamicArray\DynamicArray.TestDriver.cpp(38,7): message : while trying to match the argument list '(DynamicArray, int)'
C:\Users\B5SK\Documents\School\DVC\2020-Spring\COMSC-210 Program Design & Data Structures\Programming Assignments\DynamicArray\DynamicArray\DynamicArray.TestDriver.cpp(41,28): error C2678: binary '[': no operator found which takes a left-hand operand of type 'DynamicArray' (or there is no acceptable conversion)
C:\Users\B5SK\Documents\School\DVC\2020-Spring\COMSC-210 Program Design & Data Structures\Programming Assignments\DynamicArray\DynamicArray\DynamicArray.h(30,6): message : could be 'T &DynamicArray<T>::operator [](int)'
C:\Users\B5SK\Documents\School\DVC\2020-Spring\COMSC-210 Program Design & Data Structures\Programming Assignments\DynamicArray\DynamicArray\DynamicArray.h(29,5): message : or       'T DynamicArray<T>::operator [](int) const'
C:\Users\B5SK\Documents\School\DVC\2020-Spring\COMSC-210 Program Design & Data Structures\Programming Assignments\DynamicArray\DynamicArray\DynamicArray.TestDriver.cpp(41,28): message : while trying to match the argument list '(DynamicArray, int)'
C:\Users\B5SK\Documents\School\DVC\2020-Spring\COMSC-210 Program Design & Data Structures\Programming Assignments\DynamicArray\DynamicArray\DynamicArray.TestDriver.cpp(42,3): error C2678: binary '[': no operator found which takes a left-hand operand of type 'DynamicArray' (or there is no acceptable conversion)
C:\Users\B5SK\Documents\School\DVC\2020-Spring\COMSC-210 Program Design & Data Structures\Programming Assignments\DynamicArray\DynamicArray\DynamicArray.h(30,6): message : could be 'T &DynamicArray<T>::operator [](int)'
C:\Users\B5SK\Documents\School\DVC\2020-Spring\COMSC-210 Program Design & Data Structures\Programming Assignments\DynamicArray\DynamicArray\DynamicArray.h(29,5): message : or       'T DynamicArray<T>::operator [](int) const'
C:\Users\B5SK\Documents\School\DVC\2020-Spring\COMSC-210 Program Design & Data Structures\Programming Assignments\DynamicArray\DynamicArray\DynamicArray.TestDriver.cpp(42,3): message : while trying to match the argument list '(DynamicArray, int)'
C:\Users\B5SK\Documents\School\DVC\2020-Spring\COMSC-210 Program Design & Data Structures\Programming Assignments\DynamicArray\DynamicArray\DynamicArray.TestDriver.cpp(45,29): error C2678: binary '[': no operator found which takes a left-hand operand of type 'DynamicArray' (or there is no acceptable conversion)
C:\Users\B5SK\Documents\School\DVC\2020-Spring\COMSC-210 Program Design & Data Structures\Programming Assignments\DynamicArray\DynamicArray\DynamicArray.h(30,6): message : could be 'T &DynamicArray<T>::operator [](int)'
C:\Users\B5SK\Documents\School\DVC\2020-Spring\COMSC-210 Program Design & Data Structures\Programming Assignments\DynamicArray\DynamicArray\DynamicArray.h(29,5): message : or       'T DynamicArray<T>::operator [](int) const'
C:\Users\B5SK\Documents\School\DVC\2020-Spring\COMSC-210 Program Design & Data Structures\Programming Assignments\DynamicArray\DynamicArray\DynamicArray.TestDriver.cpp(45,29): message : while trying to match the argument list '(DynamicArray, int)'
C:\Users\B5SK\Documents\School\DVC\2020-Spring\COMSC-210 Program Design & Data Structures\Programming Assignments\DynamicArray\DynamicArray\DynamicArray.TestDriver.cpp(46,3): error C2678: binary '[': no operator found which takes a left-hand operand of type 'DynamicArray' (or there is no acceptable conversion)
C:\Users\B5SK\Documents\School\DVC\2020-Spring\COMSC-210 Program Design & Data Structures\Programming Assignments\DynamicArray\DynamicArray\DynamicArray.h(30,6): message : could be 'T &DynamicArray<T>::operator [](int)'
C:\Users\B5SK\Documents\School\DVC\2020-Spring\COMSC-210 Program Design & Data Structures\Programming Assignments\DynamicArray\DynamicArray\DynamicArray.h(29,5): message : or       'T DynamicArray<T>::operator [](int) const'
C:\Users\B5SK\Documents\School\DVC\2020-Spring\COMSC-210 Program Design & Data Structures\Programming Assignments\DynamicArray\DynamicArray\DynamicArray.TestDriver.cpp(46,3): message : while trying to match the argument list '(DynamicArray, int)'
C:\Users\B5SK\Documents\School\DVC\2020-Spring\COMSC-210 Program Design & Data Structures\Programming Assignments\DynamicArray\DynamicArray\DynamicArray.TestDriver.cpp(49,29): error C2678: binary '[': no operator found which takes a left-hand operand of type 'DynamicArray' (or there is no acceptable conversion)
C:\Users\B5SK\Documents\School\DVC\2020-Spring\COMSC-210 Program Design & Data Structures\Programming Assignments\DynamicArray\DynamicArray\DynamicArray.h(30,6): message : could be 'T &DynamicArray<T>::operator [](int)'
C:\Users\B5SK\Documents\School\DVC\2020-Spring\COMSC-210 Program Design & Data Structures\Programming Assignments\DynamicArray\DynamicArray\DynamicArray.h(29,5): message : or       'T DynamicArray<T>::operator [](int) const'
C:\Users\B5SK\Documents\School\DVC\2020-Spring\COMSC-210 Program Design & Data Structures\Programming Assignments\DynamicArray\DynamicArray\DynamicArray.TestDriver.cpp(49,29): message : while trying to match the argument list '(DynamicArray, int)'
C:\Users\B5SK\Documents\School\DVC\2020-Spring\COMSC-210 Program Design & Data Structures\Programming Assignments\DynamicArray\DynamicArray\DynamicArray.TestDriver.cpp(50,3): error C2678: binary '[': no operator found which takes a left-hand operand of type 'DynamicArray' (or there is no acceptable conversion)
C:\Users\B5SK\Documents\School\DVC\2020-Spring\COMSC-210 Program Design & Data Structures\Programming Assignments\DynamicArray\DynamicArray\DynamicArray.h(30,6): message : could be 'T &DynamicArray<T>::operator [](int)'
C:\Users\B5SK\Documents\School\DVC\2020-Spring\COMSC-210 Program Design & Data Structures\Programming Assignments\DynamicArray\DynamicArray\DynamicArray.h(29,5): message : or       'T DynamicArray<T>::operator [](int) const'
C:\Users\B5SK\Documents\School\DVC\2020-Spring\COMSC-210 Program Design & Data Structures\Programming Assignments\DynamicArray\DynamicArray\DynamicArray.TestDriver.cpp(50,3): message : while trying to match the argument list '(DynamicArray, int)'
C:\Users\B5SK\Documents\School\DVC\2020-Spring\COMSC-210 Program Design & Data Structures\Programming Assignments\DynamicArray\DynamicArray\DynamicArray.TestDriver.cpp(54,29): error C2678: binary '[': no operator found which takes a left-hand operand of type 'DynamicArray' (or there is no acceptable conversion)
C:\Users\B5SK\Documents\School\DVC\2020-Spring\COMSC-210 Program Design & Data Structures\Programming Assignments\DynamicArray\DynamicArray\DynamicArray.h(30,6): message : could be 'T &DynamicArray<T>::operator [](int)'
C:\Users\B5SK\Documents\School\DVC\2020-Spring\COMSC-210 Program Design & Data Structures\Programming Assignments\DynamicArray\DynamicArray\DynamicArray.h(29,5): message : or       'T DynamicArray<T>::operator [](int) const'
C:\Users\B5SK\Documents\School\DVC\2020-Spring\COMSC-210 Program Design & Data Structures\Programming Assignments\DynamicArray\DynamicArray\DynamicArray.TestDriver.cpp(54,29): message : while trying to match the argument list '(DynamicArray, int)'
C:\Users\B5SK\Documents\School\DVC\2020-Spring\COMSC-210 Program Design & Data Structures\Programming Assignments\DynamicArray\DynamicArray\DynamicArray.TestDriver.cpp(55,3): error C2678: binary '[': no operator found which takes a left-hand operand of type 'DynamicArray' (or there is no acceptable conversion)
C:\Users\B5SK\Documents\School\DVC\2020-Spring\COMSC-210 Program Design & Data Structures\Programming Assignments\DynamicArray\DynamicArray\DynamicArray.h(30,6): message : could be 'T &DynamicArray<T>::operator [](int)'
C:\Users\B5SK\Documents\School\DVC\2020-Spring\COMSC-210 Program Design & Data Structures\Programming Assignments\DynamicArray\DynamicArray\DynamicArray.h(29,5): message : or       'T DynamicArray<T>::operator [](int) const'
C:\Users\B5SK\Documents\School\DVC\2020-Spring\COMSC-210 Program Design & Data Structures\Programming Assignments\DynamicArray\DynamicArray\DynamicArray.TestDriver.cpp(55,3): message : while trying to match the argument list '(DynamicArray, int)'
C:\Users\B5SK\Documents\School\DVC\2020-Spring\COMSC-210 Program Design & Data Structures\Programming Assignments\DynamicArray\DynamicArray\DynamicArray.TestDriver.cpp(58,29): error C2678: binary '[': no operator found which takes a left-hand operand of type 'DynamicArray' (or there is no acceptable conversion)
C:\Users\B5SK\Documents\School\DVC\2020-Spring\COMSC-210 Program Design & Data Structures\Programming Assignments\DynamicArray\DynamicArray\DynamicArray.h(30,6): message : could be 'T &DynamicArray<T>::operator [](int)'
C:\Users\B5SK\Documents\School\DVC\2020-Spring\COMSC-210 Program Design & Data Structures\Programming Assignments\DynamicArray\DynamicArray\DynamicArray.h(29,5): message : or       'T DynamicArray<T>::operator [](int) const'
C:\Users\B5SK\Documents\School\DVC\2020-Spring\COMSC-210 Program Design & Data Structures\Programming Assignments\DynamicArray\DynamicArray\DynamicArray.TestDriver.cpp(58,29): message : while trying to match the argument list '(DynamicArray, int)'
C:\Users\B5SK\Documents\School\DVC\2020-Spring\COMSC-210 Program Design & Data Structures\Programming Assignments\DynamicArray\DynamicArray\DynamicArray.TestDriver.cpp(59,3): error C2678: binary '[': no operator found which takes a left-hand operand of type 'DynamicArray' (or there is no acceptable conversion)
C:\Users\B5SK\Documents\School\DVC\2020-Spring\COMSC-210 Program Design & Data Structures\Programming Assignments\DynamicArray\DynamicArray\DynamicArray.h(30,6): message : could be 'T &DynamicArray<T>::operator [](int)'
C:\Users\B5SK\Documents\School\DVC\2020-Spring\COMSC-210 Program Design & Data Structures\Programming Assignments\DynamicArray\DynamicArray\DynamicArray.h(29,5): message : or       'T DynamicArray<T>::operator [](int) const'
C:\Users\B5SK\Documents\School\DVC\2020-Spring\COMSC-210 Program Design & Data Structures\Programming Assignments\DynamicArray\DynamicArray\DynamicArray.TestDriver.cpp(59,3): message : while trying to match the argument list '(DynamicArray, int)'
C:\Users\B5SK\Documents\School\DVC\2020-Spring\COMSC-210 Program Design & Data Structures\Programming Assignments\DynamicArray\DynamicArray\DynamicArray.TestDriver.cpp(63,8): error C2678: binary '[': no operator found which takes a left-hand operand of type 'DynamicArray' (or there is no acceptable conversion)
C:\Users\B5SK\Documents\School\DVC\2020-Spring\COMSC-210 Program Design & Data Structures\Programming Assignments\DynamicArray\DynamicArray\DynamicArray.h(30,6): message : could be 'T &DynamicArray<T>::operator [](int)'
C:\Users\B5SK\Documents\School\DVC\2020-Spring\COMSC-210 Program Design & Data Structures\Programming Assignments\DynamicArray\DynamicArray\DynamicArray.h(29,5): message : or       'T DynamicArray<T>::operator [](int) const'
C:\Users\B5SK\Documents\School\DVC\2020-Spring\COMSC-210 Program Design & Data Structures\Programming Assignments\DynamicArray\DynamicArray\DynamicArray.TestDriver.cpp(63,8): message : while trying to match the argument list '(DynamicArray, int)'
C:\Users\B5SK\Documents\School\DVC\2020-Spring\COMSC-210 Program Design & Data Structures\Programming Assignments\DynamicArray\DynamicArray\DynamicArray.TestDriver.cpp(66,30): error C2678: binary '[': no operator found which takes a left-hand operand of type 'DynamicArray' (or there is no acceptable conversion)
C:\Users\B5SK\Documents\School\DVC\2020-Spring\COMSC-210 Program Design & Data Structures\Programming Assignments\DynamicArray\DynamicArray\DynamicArray.h(30,6): message : could be 'T &DynamicArray<T>::operator [](int)'
C:\Users\B5SK\Documents\School\DVC\2020-Spring\COMSC-210 Program Design & Data Structures\Programming Assignments\DynamicArray\DynamicArray\DynamicArray.h(29,5): message : or       'T DynamicArray<T>::operator [](int) const'
C:\Users\B5SK\Documents\School\DVC\2020-Spring\COMSC-210 Program Design & Data Structures\Programming Assignments\DynamicArray\DynamicArray\DynamicArray.TestDriver.cpp(66,30): message : while trying to match the argument list '(DynamicArray, int)'
C:\Users\B5SK\Documents\School\DVC\2020-Spring\COMSC-210 Program Design & Data Structures\Programming Assignments\DynamicArray\DynamicArray\DynamicArray.TestDriver.cpp(67,3): error C2678: binary '[': no operator found which takes a left-hand operand of type 'DynamicArray' (or there is no acceptable conversion)
C:\Users\B5SK\Documents\School\DVC\2020-Spring\COMSC-210 Program Design & Data Structures\Programming Assignments\DynamicArray\DynamicArray\DynamicArray.h(30,6): message : could be 'T &DynamicArray<T>::operator [](int)'
C:\Users\B5SK\Documents\School\DVC\2020-Spring\COMSC-210 Program Design & Data Structures\Programming Assignments\DynamicArray\DynamicArray\DynamicArray.h(29,5): message : or       'T DynamicArray<T>::operator [](int) const'
C:\Users\B5SK\Documents\School\DVC\2020-Spring\COMSC-210 Program Design & Data Structures\Programming Assignments\DynamicArray\DynamicArray\DynamicArray.TestDriver.cpp(67,3): message : while trying to match the argument list '(DynamicArray, int)'
C:\Users\B5SK\Documents\School\DVC\2020-Spring\COMSC-210 Program Design & Data Structures\Programming Assignments\DynamicArray\DynamicArray\DynamicArray.TestDriver.cpp(70,29): error C2678: binary '[': no operator found which takes a left-hand operand of type 'DynamicArray' (or there is no acceptable conversion)
C:\Users\B5SK\Documents\School\DVC\2020-Spring\COMSC-210 Program Design & Data Structures\Programming Assignments\DynamicArray\DynamicArray\DynamicArray.h(30,6): message : could be 'T &DynamicArray<T>::operator [](int)'
C:\Users\B5SK\Documents\School\DVC\2020-Spring\COMSC-210 Program Design & Data Structures\Programming Assignments\DynamicArray\DynamicArray\DynamicArray.h(29,5): message : or       'T DynamicArray<T>::operator [](int) const'
C:\Users\B5SK\Documents\School\DVC\2020-Spring\COMSC-210 Program Design & Data Structures\Programming Assignments\DynamicArray\DynamicArray\DynamicArray.TestDriver.cpp(70,29): message : while trying to match the argument list '(DynamicArray, int)'
C:\Users\B5SK\Documents\School\DVC\2020-Spring\COMSC-210 Program Design & Data Structures\Programming Assignments\DynamicArray\DynamicArray\DynamicArray.TestDriver.cpp(71,3): error C2678: binary '[': no operator found which takes a left-hand operand of type 'DynamicArray' (or there is no acceptable conversion)
C:\Users\B5SK\Documents\School\DVC\2020-Spring\COMSC-210 Program Design & Data Structures\Programming Assignments\DynamicArray\DynamicArray\DynamicArray.h(30,6): message : could be 'T &DynamicArray<T>::operator [](int)'
C:\Users\B5SK\Documents\School\DVC\2020-Spring\COMSC-210 Program Design & Data Structures\Programming Assignments\DynamicArray\DynamicArray\DynamicArray.h(29,5): message : or       'T DynamicArray<T>::operator [](int) const'
C:\Users\B5SK\Documents\School\DVC\2020-Spring\COMSC-210 Program Design & Data Structures\Programming Assignments\DynamicArray\DynamicArray\DynamicArray.TestDriver.cpp(71,3): message : while trying to match the argument list '(DynamicArray, int)'
C:\Users\B5SK\Documents\School\DVC\2020-Spring\COMSC-210 Program Design & Data Structures\Programming Assignments\DynamicArray\DynamicArray\DynamicArray.TestDriver.cpp(75,3): error C2678: binary '[': no operator found which takes a left-hand operand of type 'DynamicArray' (or there is no acceptable conversion)
C:\Users\B5SK\Documents\School\DVC\2020-Spring\COMSC-210 Program Design & Data Structures\Programming Assignments\DynamicArray\DynamicArray\DynamicArray.h(30,6): message : could be 'T &DynamicArray<T>::operator [](int)'
C:\Users\B5SK\Documents\School\DVC\2020-Spring\COMSC-210 Program Design & Data Structures\Programming Assignments\DynamicArray\DynamicArray\DynamicArray.h(29,5): message : or       'T DynamicArray<T>::operator [](int) const'
C:\Users\B5SK\Documents\School\DVC\2020-Spring\COMSC-210 Program Design & Data Structures\Programming Assignments\DynamicArray\DynamicArray\DynamicArray.TestDriver.cpp(75,3): message : while trying to match the argument list '(DynamicArray, int)'
C:\Users\B5SK\Documents\School\DVC\2020-Spring\COMSC-210 Program Design & Data Structures\Programming Assignments\DynamicArray\DynamicArray\DynamicArray.TestDriver.cpp(76,3): error C2678: binary '[': no operator found which takes a left-hand operand of type 'DynamicArray' (or there is no acceptable conversion)
C:\Users\B5SK\Documents\School\DVC\2020-Spring\COMSC-210 Program Design & Data Structures\Programming Assignments\DynamicArray\DynamicArray\DynamicArray.h(30,6): message : could be 'T &DynamicArray<T>::operator [](int)'
C:\Users\B5SK\Documents\School\DVC\2020-Spring\COMSC-210 Program Design & Data Structures\Programming Assignments\DynamicArray\DynamicArray\DynamicArray.h(29,5): message : or       'T DynamicArray<T>::operator [](int) const'
C:\Users\B5SK\Documents\School\DVC\2020-Spring\COMSC-210 Program Design & Data Structures\Programming Assignments\DynamicArray\DynamicArray\DynamicArray.TestDriver.cpp(76,3): message : while trying to match the argument list '(DynamicArray, int)'
C:\Users\B5SK\Documents\School\DVC\2020-Spring\COMSC-210 Program Design & Data Structures\Programming Assignments\DynamicArray\DynamicArray\DynamicArray.TestDriver.cpp(77,3): error C2678: binary '[': no operator found which takes a left-hand operand of type 'DynamicArray' (or there is no acceptable conversion)
C:\Users\B5SK\Documents\School\DVC\2020-Spring\COMSC-210 Program Design & Data Structures\Programming Assignments\DynamicArray\DynamicArray\DynamicArray.h(30,6): message : could be 'T &DynamicArray<T>::operator [](int)'
C:\Users\B5SK\Documents\School\DVC\2020-Spring\COMSC-210 Program Design & Data Structures\Programming Assignments\DynamicArray\DynamicArray\DynamicArray.h(29,5): message : or       'T DynamicArray<T>::operator [](int) const'
C:\Users\B5SK\Documents\School\DVC\2020-Spring\COMSC-210 Program Design & Data Structures\Programming Assignments\DynamicArray\DynamicArray\DynamicArray.TestDriver.cpp(77,3): message : while trying to match the argument list '(DynamicArray, int)'
C:\Users\B5SK\Documents\School\DVC\2020-Spring\COMSC-210 Program Design & Data Structures\Programming Assignments\DynamicArray\DynamicArray\DynamicArray.TestDriver.cpp(81,31): error C2514: 'DynamicArray': class template cannot be constructed
C:\Users\B5SK\Documents\School\DVC\2020-Spring\COMSC-210 Program Design & Data Structures\Programming Assignments\DynamicArray\DynamicArray\DynamicArray.h(15): message : see declaration of 'DynamicArray'
C:\Users\B5SK\Documents\School\DVC\2020-Spring\COMSC-210 Program Design & Data Structures\Programming Assignments\DynamicArray\DynamicArray\DynamicArray.TestDriver.cpp(82,24): error C2663: 'DynamicArray<T>::capacity': 2 overloads have no legal conversion for 'this' pointer
C:\Users\B5SK\Documents\School\DVC\2020-Spring\COMSC-210 Program Design & Data Structures\Programming Assignments\DynamicArray\DynamicArray\DynamicArray.TestDriver.cpp(83,5): error C2678: binary '[': no operator found which takes a left-hand operand of type 'const DynamicArray' (or there is no acceptable conversion)
C:\Users\B5SK\Documents\School\DVC\2020-Spring\COMSC-210 Program Design & Data Structures\Programming Assignments\DynamicArray\DynamicArray\DynamicArray.h(30,6): message : could be 'T &DynamicArray<T>::operator [](int)'
C:\Users\B5SK\Documents\School\DVC\2020-Spring\COMSC-210 Program Design & Data Structures\Programming Assignments\DynamicArray\DynamicArray\DynamicArray.h(29,5): message : or       'T DynamicArray<T>::operator [](int) const'
C:\Users\B5SK\Documents\School\DVC\2020-Spring\COMSC-210 Program Design & Data Structures\Programming Assignments\DynamicArray\DynamicArray\DynamicArray.TestDriver.cpp(83,5): message : while trying to match the argument list '(const DynamicArray, int)'
C:\Users\B5SK\Documents\School\DVC\2020-Spring\COMSC-210 Program Design & Data Structures\Programming Assignments\DynamicArray\DynamicArray\DynamicArray.TestDriver.cpp(83,5): error C2678: binary '[': no operator found which takes a left-hand operand of type 'DynamicArray' (or there is no acceptable conversion)
C:\Users\B5SK\Documents\School\DVC\2020-Spring\COMSC-210 Program Design & Data Structures\Programming Assignments\DynamicArray\DynamicArray\DynamicArray.h(30,6): message : could be 'T &DynamicArray<T>::operator [](int)'
C:\Users\B5SK\Documents\School\DVC\2020-Spring\COMSC-210 Program Design & Data Structures\Programming Assignments\DynamicArray\DynamicArray\DynamicArray.h(29,5): message : or       'T DynamicArray<T>::operator [](int) const'
C:\Users\B5SK\Documents\School\DVC\2020-Spring\COMSC-210 Program Design & Data Structures\Programming Assignments\DynamicArray\DynamicArray\DynamicArray.TestDriver.cpp(83,5): message : while trying to match the argument list '(DynamicArray, int)'
C:\Users\B5SK\Documents\School\DVC\2020-Spring\COMSC-210 Program Design & Data Structures\Programming Assignments\DynamicArray\DynamicArray\DynamicArray.TestDriver.cpp(88,25): error C2514: 'DynamicArray': class template cannot be constructed
C:\Users\B5SK\Documents\School\DVC\2020-Spring\COMSC-210 Program Design & Data Structures\Programming Assignments\DynamicArray\DynamicArray\DynamicArray.h(15): message : see declaration of 'DynamicArray'
C:\Users\B5SK\Documents\School\DVC\2020-Spring\COMSC-210 Program Design & Data Structures\Programming Assignments\DynamicArray\DynamicArray\DynamicArray.TestDriver.cpp(89,3): error C2663: 'DynamicArray<T>::capacity': 2 overloads have no legal conversion for 'this' pointer
C:\Users\B5SK\Documents\School\DVC\2020-Spring\COMSC-210 Program Design & Data Structures\Programming Assignments\DynamicArray\DynamicArray\DynamicArray.TestDriver.cpp(90,24): error C2663: 'DynamicArray<T>::capacity': 2 overloads have no legal conversion for 'this' pointer
C:\Users\B5SK\Documents\School\DVC\2020-Spring\COMSC-210 Program Design & Data Structures\Programming Assignments\DynamicArray\DynamicArray\DynamicArray.TestDriver.cpp(91,5): error C2678: binary '[': no operator found which takes a left-hand operand of type 'DynamicArray' (or there is no acceptable conversion)
C:\Users\B5SK\Documents\School\DVC\2020-Spring\COMSC-210 Program Design & Data Structures\Programming Assignments\DynamicArray\DynamicArray\DynamicArray.h(30,6): message : could be 'T &DynamicArray<T>::operator [](int)'
C:\Users\B5SK\Documents\School\DVC\2020-Spring\COMSC-210 Program Design & Data Structures\Programming Assignments\DynamicArray\DynamicArray\DynamicArray.h(29,5): message : or       'T DynamicArray<T>::operator [](int) const'
C:\Users\B5SK\Documents\School\DVC\2020-Spring\COMSC-210 Program Design & Data Structures\Programming Assignments\DynamicArray\DynamicArray\DynamicArray.TestDriver.cpp(91,5): message : while trying to match the argument list '(DynamicArray, int)'
C:\Users\B5SK\Documents\School\DVC\2020-Spring\COMSC-210 Program Design & Data Structures\Programming Assignments\DynamicArray\DynamicArray\DynamicArray.TestDriver.cpp(91,5): error C2088: '[': illegal for class
C:\Users\B5SK\Documents\School\DVC\2020-Spring\COMSC-210 Program Design & Data Structures\Programming Assignments\DynamicArray\DynamicArray\DynamicArray.TestDriver.cpp(93,24): error C2663: 'DynamicArray<T>::capacity': 2 overloads have no legal conversion for 'this' pointer
C:\Users\B5SK\Documents\School\DVC\2020-Spring\COMSC-210 Program Design & Data Structures\Programming Assignments\DynamicArray\DynamicArray\DynamicArray.TestDriver.cpp(94,8): error C2678: binary '[': no operator found which takes a left-hand operand of type 'DynamicArray' (or there is no acceptable conversion)
C:\Users\B5SK\Documents\School\DVC\2020-Spring\COMSC-210 Program Design & Data Structures\Programming Assignments\DynamicArray\DynamicArray\DynamicArray.h(30,6): message : could be 'T &DynamicArray<T>::operator [](int)'
C:\Users\B5SK\Documents\School\DVC\2020-Spring\COMSC-210 Program Design & Data Structures\Programming Assignments\DynamicArray\DynamicArray\DynamicArray.h(29,5): message : or       'T DynamicArray<T>::operator [](int) const'
C:\Users\B5SK\Documents\School\DVC\2020-Spring\COMSC-210 Program Design & Data Structures\Programming Assignments\DynamicArray\DynamicArray\DynamicArray.TestDriver.cpp(94,8): message : while trying to match the argument list '(DynamicArray, int)'
C:\Users\B5SK\Documents\School\DVC\2020-Spring\COMSC-210 Program Design & Data Structures\Programming Assignments\DynamicArray\DynamicArray\DynamicArray.TestDriver.cpp(95,5): error C2678: binary '[': no operator found which takes a left-hand operand of type 'DynamicArray' (or there is no acceptable conversion)
C:\Users\B5SK\Documents\School\DVC\2020-Spring\COMSC-210 Program Design & Data Structures\Programming Assignments\DynamicArray\DynamicArray\DynamicArray.h(30,6): message : could be 'T &DynamicArray<T>::operator [](int)'
C:\Users\B5SK\Documents\School\DVC\2020-Spring\COMSC-210 Program Design & Data Structures\Programming Assignments\DynamicArray\DynamicArray\DynamicArray.h(29,5): message : or       'T DynamicArray<T>::operator [](int) const'
C:\Users\B5SK\Documents\School\DVC\2020-Spring\COMSC-210 Program Design & Data Structures\Programming Assignments\DynamicArray\DynamicArray\DynamicArray.TestDriver.cpp(95,5): message : while trying to match the argument list '(DynamicArray, int)'
C:\Users\B5SK\Documents\School\DVC\2020-Spring\COMSC-210 Program Design & Data Structures\Programming Assignments\DynamicArray\DynamicArray\DynamicArray.TestDriver.cpp(95,5): error C2088: '[': illegal for class
C:\Users\B5SK\Documents\School\DVC\2020-Spring\COMSC-210 Program Design & Data Structures\Programming Assignments\DynamicArray\DynamicArray\DynamicArray.TestDriver.cpp(100,20): error C2512: 'DynamicArray': no appropriate default constructor available
C:\Users\B5SK\Documents\School\DVC\2020-Spring\COMSC-210 Program Design & Data Structures\Programming Assignments\DynamicArray\DynamicArray\DynamicArray.h(15,7): message : see declaration of 'DynamicArray'
C:\Users\B5SK\Documents\School\DVC\2020-Spring\COMSC-210 Program Design & Data Structures\Programming Assignments\DynamicArray\DynamicArray\DynamicArray.TestDriver.cpp(100,28): error C2678: binary '=': no operator found which takes a left-hand operand of type 'DynamicArray' (or there is no acceptable conversion)
C:\Users\B5SK\Documents\School\DVC\2020-Spring\COMSC-210 Program Design & Data Structures\Programming Assignments\DynamicArray\DynamicArray\DynamicArray.h(26,20): message : could be 'DynamicArray<T> &DynamicArray<T>::operator =(const DynamicArray<T> &)'
C:\Users\B5SK\Documents\School\DVC\2020-Spring\COMSC-210 Program Design & Data Structures\Programming Assignments\DynamicArray\DynamicArray\DynamicArray.TestDriver.cpp(100,28): message : while trying to match the argument list '(DynamicArray, DynamicArray)'
C:\Users\B5SK\Documents\School\DVC\2020-Spring\COMSC-210 Program Design & Data Structures\Programming Assignments\DynamicArray\DynamicArray\DynamicArray.TestDriver.cpp(100,28): error C2582: 'operator =' function is unavailable in 'DynamicArray'
C:\Users\B5SK\Documents\School\DVC\2020-Spring\COMSC-210 Program Design & Data Structures\Programming Assignments\DynamicArray\DynamicArray\DynamicArray.TestDriver.cpp(101,3): error C2663: 'DynamicArray<T>::capacity': 2 overloads have no legal conversion for 'this' pointer
C:\Users\B5SK\Documents\School\DVC\2020-Spring\COMSC-210 Program Design & Data Structures\Programming Assignments\DynamicArray\DynamicArray\DynamicArray.TestDriver.cpp(102,24): error C2663: 'DynamicArray<T>::capacity': 2 overloads have no legal conversion for 'this' pointer
C:\Users\B5SK\Documents\School\DVC\2020-Spring\COMSC-210 Program Design & Data Structures\Programming Assignments\DynamicArray\DynamicArray\DynamicArray.TestDriver.cpp(103,5): error C2678: binary '[': no operator found which takes a left-hand operand of type 'DynamicArray' (or there is no acceptable conversion)
C:\Users\B5SK\Documents\School\DVC\2020-Spring\COMSC-210 Program Design & Data Structures\Programming Assignments\DynamicArray\DynamicArray\DynamicArray.h(30,6): message : could be 'T &DynamicArray<T>::operator [](int)'
C:\Users\B5SK\Documents\School\DVC\2020-Spring\COMSC-210 Program Design & Data Structures\Programming Assignments\DynamicArray\DynamicArray\DynamicArray.h(29,5): message : or       'T DynamicArray<T>::operator [](int) const'
C:\Users\B5SK\Documents\School\DVC\2020-Spring\COMSC-210 Program Design & Data Structures\Programming Assignments\DynamicArray\DynamicArray\DynamicArray.TestDriver.cpp(103,5): message : while trying to match the argument list '(DynamicArray, int)'
C:\Users\B5SK\Documents\School\DVC\2020-Spring\COMSC-210 Program Design & Data Structures\Programming Assignments\DynamicArray\DynamicArray\DynamicArray.TestDriver.cpp(103,5): error C2088: '[': illegal for class
C:\Users\B5SK\Documents\School\DVC\2020-Spring\COMSC-210 Program Design & Data Structures\Programming Assignments\DynamicArray\DynamicArray\DynamicArray.TestDriver.cpp(105,24): error C2663: 'DynamicArray<T>::capacity': 2 overloads have no legal conversion for 'this' pointer
C:\Users\B5SK\Documents\School\DVC\2020-Spring\COMSC-210 Program Design & Data Structures\Programming Assignments\DynamicArray\DynamicArray\DynamicArray.TestDriver.cpp(106,8): error C2678: binary '[': no operator found which takes a left-hand operand of type 'DynamicArray' (or there is no acceptable conversion)
C:\Users\B5SK\Documents\School\DVC\2020-Spring\COMSC-210 Program Design & Data Structures\Programming Assignments\DynamicArray\DynamicArray\DynamicArray.h(30,6): message : could be 'T &DynamicArray<T>::operator [](int)'
C:\Users\B5SK\Documents\School\DVC\2020-Spring\COMSC-210 Program Design & Data Structures\Programming Assignments\DynamicArray\DynamicArray\DynamicArray.h(29,5): message : or       'T DynamicArray<T>::operator [](int) const'
C:\Users\B5SK\Documents\School\DVC\2020-Spring\COMSC-210 Program Design & Data Structures\Programming Assignments\DynamicArray\DynamicArray\DynamicArray.TestDriver.cpp(106,8): message : while trying to match the argument list '(DynamicArray, int)'
C:\Users\B5SK\Documents\School\DVC\2020-Spring\COMSC-210 Program Design & Data Structures\Programming Assignments\DynamicArray\DynamicArray\DynamicArray.TestDriver.cpp(107,5): error C2678: binary '[': no operator found which takes a left-hand operand of type 'DynamicArray' (or there is no acceptable conversion)
C:\Users\B5SK\Documents\School\DVC\2020-Spring\COMSC-210 Program Design & Data Structures\Programming Assignments\DynamicArray\DynamicArray\DynamicArray.h(30,6): message : could be 'T &DynamicArray<T>::operator [](int)'
C:\Users\B5SK\Documents\School\DVC\2020-Spring\COMSC-210 Program Design & Data Structures\Programming Assignments\DynamicArray\DynamicArray\DynamicArray.h(29,5): message : or       'T DynamicArray<T>::operator [](int) const'
C:\Users\B5SK\Documents\School\DVC\2020-Spring\COMSC-210 Program Design & Data Structures\Programming Assignments\DynamicArray\DynamicArray\DynamicArray.TestDriver.cpp(107,5): message : while trying to match the argument list '(DynamicArray, int)'
C:\Users\B5SK\Documents\School\DVC\2020-Spring\COMSC-210 Program Design & Data Structures\Programming Assignments\DynamicArray\DynamicArray\DynamicArray.TestDriver.cpp(107,5): error C2088: '[': illegal for class
C:\Users\B5SK\Documents\School\DVC\2020-Spring\COMSC-210 Program Design & Data Structures\Programming Assignments\DynamicArray\DynamicArray\DynamicArray.TestDriver.cpp(113,3): error C2663: 'DynamicArray<T>::capacity': 2 overloads have no legal conversion for 'this' pointer
C:\Users\B5SK\Documents\School\DVC\2020-Spring\COMSC-210 Program Design & Data Structures\Programming Assignments\DynamicArray\DynamicArray\DynamicArray.TestDriver.cpp(114,3): error C2678: binary '[': no operator found which takes a left-hand operand of type 'const DynamicArray' (or there is no acceptable conversion)
C:\Users\B5SK\Documents\School\DVC\2020-Spring\COMSC-210 Program Design & Data Structures\Programming Assignments\DynamicArray\DynamicArray\DynamicArray.h(30,6): message : could be 'T &DynamicArray<T>::operator [](int)'
C:\Users\B5SK\Documents\School\DVC\2020-Spring\COMSC-210 Program Design & Data Structures\Programming Assignments\DynamicArray\DynamicArray\DynamicArray.h(29,5): message : or       'T DynamicArray<T>::operator [](int) const'
C:\Users\B5SK\Documents\School\DVC\2020-Spring\COMSC-210 Program Design & Data Structures\Programming Assignments\DynamicArray\DynamicArray\DynamicArray.TestDriver.cpp(114,3): message : while trying to match the argument list '(const DynamicArray, int)'
C:\Users\B5SK\Documents\School\DVC\2020-Spring\COMSC-210 Program Design & Data Structures\Programming Assignments\DynamicArray\DynamicArray\DynamicArray.TestDriver.cpp(114,3): error C2088: '[': illegal for class
C:\Users\B5SK\Documents\School\DVC\2020-Spring\COMSC-210 Program Design & Data Structures\Programming Assignments\DynamicArray\DynamicArray\DynamicArray.TestDriver.cpp(115,3): error C2678: binary '[': no operator found which takes a left-hand operand of type 'const DynamicArray' (or there is no acceptable conversion)
C:\Users\B5SK\Documents\School\DVC\2020-Spring\COMSC-210 Program Design & Data Structures\Programming Assignments\DynamicArray\DynamicArray\DynamicArray.h(30,6): message : could be 'T &DynamicArray<T>::operator [](int)'
C:\Users\B5SK\Documents\School\DVC\2020-Spring\COMSC-210 Program Design & Data Structures\Programming Assignments\DynamicArray\DynamicArray\DynamicArray.h(29,5): message : or       'T DynamicArray<T>::operator [](int) const'
C:\Users\B5SK\Documents\School\DVC\2020-Spring\COMSC-210 Program Design & Data Structures\Programming Assignments\DynamicArray\DynamicArray\DynamicArray.TestDriver.cpp(115,3): message : while trying to match the argument list '(const DynamicArray, int)'
C:\Users\B5SK\Documents\School\DVC\2020-Spring\COMSC-210 Program Design & Data Structures\Programming Assignments\DynamicArray\DynamicArray\DynamicArray.TestDriver.cpp(115,3): error C2088: '[': illegal for class
C:\Users\B5SK\Documents\School\DVC\2020-Spring\COMSC-210 Program Design & Data Structures\Programming Assignments\DynamicArray\DynamicArray\DynamicArray.TestDriver.cpp(121,24): error C2512: 'DynamicArray': no appropriate default constructor available
C:\Users\B5SK\Documents\School\DVC\2020-Spring\COMSC-210 Program Design & Data Structures\Programming Assignments\DynamicArray\DynamicArray\DynamicArray.h(15,7): message : see declaration of 'DynamicArray'
C:\Users\B5SK\Documents\School\DVC\2020-Spring\COMSC-210 Program Design & Data Structures\Programming Assignments\DynamicArray\DynamicArray\DynamicArray.TestDriver.cpp(123,4): error C2663: 'DynamicArray<T>::capacity': 2 overloads have no legal conversion for 'this' pointer
C:\Users\B5SK\Documents\School\DVC\2020-Spring\COMSC-210 Program Design & Data Structures\Programming Assignments\DynamicArray\DynamicArray\DynamicArray.TestDriver.cpp(127,26): error C2663: 'DynamicArray<T>::capacity': 2 overloads have no legal conversion for 'this' pointer
C:\Users\B5SK\Documents\School\DVC\2020-Spring\COMSC-210 Program Design & Data Structures\Programming Assignments\DynamicArray\DynamicArray\DynamicArray.TestDriver.cpp(131,6): error C2678: binary '[': no operator found which takes a left-hand operand of type 'DynamicArray' (or there is no acceptable conversion)
C:\Users\B5SK\Documents\School\DVC\2020-Spring\COMSC-210 Program Design & Data Structures\Programming Assignments\DynamicArray\DynamicArray\DynamicArray.h(30,6): message : could be 'T &DynamicArray<T>::operator [](int)'
C:\Users\B5SK\Documents\School\DVC\2020-Spring\COMSC-210 Program Design & Data Structures\Programming Assignments\DynamicArray\DynamicArray\DynamicArray.h(29,5): message : or       'T DynamicArray<T>::operator [](int) const'
C:\Users\B5SK\Documents\School\DVC\2020-Spring\COMSC-210 Program Design & Data Structures\Programming Assignments\DynamicArray\DynamicArray\DynamicArray.TestDriver.cpp(131,6): message : while trying to match the argument list '(DynamicArray, int)'
C:\Users\B5SK\Documents\School\DVC\2020-Spring\COMSC-210 Program Design & Data Structures\Programming Assignments\DynamicArray\DynamicArray\DynamicArray.TestDriver.cpp(132,7): error C2678: binary '[': no operator found which takes a left-hand operand of type 'DynamicArray' (or there is no acceptable conversion)
C:\Users\B5SK\Documents\School\DVC\2020-Spring\COMSC-210 Program Design & Data Structures\Programming Assignments\DynamicArray\DynamicArray\DynamicArray.h(30,6): message : could be 'T &DynamicArray<T>::operator [](int)'
C:\Users\B5SK\Documents\School\DVC\2020-Spring\COMSC-210 Program Design & Data Structures\Programming Assignments\DynamicArray\DynamicArray\DynamicArray.h(29,5): message : or       'T DynamicArray<T>::operator [](int) const'
C:\Users\B5SK\Documents\School\DVC\2020-Spring\COMSC-210 Program Design & Data Structures\Programming Assignments\DynamicArray\DynamicArray\DynamicArray.TestDriver.cpp(132,7): message : while trying to match the argument list '(DynamicArray, int)'
C:\Users\B5SK\Documents\School\DVC\2020-Spring\COMSC-210 Program Design & Data Structures\Programming Assignments\DynamicArray\DynamicArray\DynamicArray.TestDriver.cpp(133,7): error C2678: binary '[': no operator found which takes a left-hand operand of type 'DynamicArray' (or there is no acceptable conversion)
C:\Users\B5SK\Documents\School\DVC\2020-Spring\COMSC-210 Program Design & Data Structures\Programming Assignments\DynamicArray\DynamicArray\DynamicArray.h(30,6): message : could be 'T &DynamicArray<T>::operator [](int)'
C:\Users\B5SK\Documents\School\DVC\2020-Spring\COMSC-210 Program Design & Data Structures\Programming Assignments\DynamicArray\DynamicArray\DynamicArray.h(29,5): message : or       'T DynamicArray<T>::operator [](int) const'
C:\Users\B5SK\Documents\School\DVC\2020-Spring\COMSC-210 Program Design & Data Structures\Programming Assignments\DynamicArray\DynamicArray\DynamicArray.TestDriver.cpp(133,7): message : while trying to match the argument list '(DynamicArray, int)'
C:\Users\B5SK\Documents\School\DVC\2020-Spring\COMSC-210 Program Design & Data Structures\Programming Assignments\DynamicArray\DynamicArray\DynamicArray.TestDriver.cpp(134,7): error C2678: binary '[': no operator found which takes a left-hand operand of type 'DynamicArray' (or there is no acceptable conversion)
C:\Users\B5SK\Documents\School\DVC\2020-Spring\COMSC-210 Program Design & Data Structures\Programming Assignments\DynamicArray\DynamicArray\DynamicArray.h(30,6): message : could be 'T &DynamicArray<T>::operator [](int)'
C:\Users\B5SK\Documents\School\DVC\2020-Spring\COMSC-210 Program Design & Data Structures\Programming Assignments\DynamicArray\DynamicArray\DynamicArray.h(29,5): message : or       'T DynamicArray<T>::operator [](int) const'
C:\Users\B5SK\Documents\School\DVC\2020-Spring\COMSC-210 Program Design & Data Structures\Programming Assignments\DynamicArray\DynamicArray\DynamicArray.TestDriver.cpp(134,7): message : while trying to match the argument list '(DynamicArray, int)'
C:\Users\B5SK\Documents\School\DVC\2020-Spring\COMSC-210 Program Design & Data Structures\Programming Assignments\DynamicArray\DynamicArray\DynamicArray.TestDriver.cpp(135,7): error C2678: binary '[': no operator found which takes a left-hand operand of type 'DynamicArray' (or there is no acceptable conversion)
C:\Users\B5SK\Documents\School\DVC\2020-Spring\COMSC-210 Program Design & Data Structures\Programming Assignments\DynamicArray\DynamicArray\DynamicArray.h(30,6): message : could be 'T &DynamicArray<T>::operator [](int)'
C:\Users\B5SK\Documents\School\DVC\2020-Spring\COMSC-210 Program Design & Data Structures\Programming Assignments\DynamicArray\DynamicArray\DynamicArray.h(29,5): message : or       'T DynamicArray<T>::operator [](int) const'
C:\Users\B5SK\Documents\School\DVC\2020-Spring\COMSC-210 Program Design & Data Structures\Programming Assignments\DynamicArray\DynamicArray\DynamicArray.TestDriver.cpp(135,7): message : while trying to match the argument list '(DynamicArray, int)'
C:\Users\B5SK\Documents\School\DVC\2020-Spring\COMSC-210 Program Design & Data Structures\Programming Assignments\DynamicArray\DynamicArray\DynamicArray.TestDriver.cpp(138,28): error C2678: binary '[': no operator found which takes a left-hand operand of type 'DynamicArray' (or there is no acceptable conversion)
C:\Users\B5SK\Documents\School\DVC\2020-Spring\COMSC-210 Program Design & Data Structures\Programming Assignments\DynamicArray\DynamicArray\DynamicArray.h(30,6): message : could be 'T &DynamicArray<T>::operator [](int)'
C:\Users\B5SK\Documents\School\DVC\2020-Spring\COMSC-210 Program Design & Data Structures\Programming Assignments\DynamicArray\DynamicArray\DynamicArray.h(29,5): message : or       'T DynamicArray<T>::operator [](int) const'
C:\Users\B5SK\Documents\School\DVC\2020-Spring\COMSC-210 Program Design & Data Structures\Programming Assignments\DynamicArray\DynamicArray\DynamicArray.TestDriver.cpp(138,28): message : while trying to match the argument list '(DynamicArray, int)'
C:\Users\B5SK\Documents\School\DVC\2020-Spring\COMSC-210 Program Design & Data Structures\Programming Assignments\DynamicArray\DynamicArray\DynamicArray.TestDriver.cpp(139,3): error C2678: binary '[': no operator found which takes a left-hand operand of type 'DynamicArray' (or there is no acceptable conversion)
C:\Users\B5SK\Documents\School\DVC\2020-Spring\COMSC-210 Program Design & Data Structures\Programming Assignments\DynamicArray\DynamicArray\DynamicArray.h(30,6): message : could be 'T &DynamicArray<T>::operator [](int)'
C:\Users\B5SK\Documents\School\DVC\2020-Spring\COMSC-210 Program Design & Data Structures\Programming Assignments\DynamicArray\DynamicArray\DynamicArray.h(29,5): message : or       'T DynamicArray<T>::operator [](int) const'
C:\Users\B5SK\Documents\School\DVC\2020-Spring\COMSC-210 Program Design & Data Structures\Programming Assignments\DynamicArray\DynamicArray\DynamicArray.TestDriver.cpp(139,3): message : while trying to match the argument list '(DynamicArray, int)'
C:\Users\B5SK\Documents\School\DVC\2020-Spring\COMSC-210 Program Design & Data Structures\Programming Assignments\DynamicArray\DynamicArray\DynamicArray.TestDriver.cpp(142,29): error C2678: binary '[': no operator found which takes a left-hand operand of type 'DynamicArray' (or there is no acceptable conversion)
C:\Users\B5SK\Documents\School\DVC\2020-Spring\COMSC-210 Program Design & Data Structures\Programming Assignments\DynamicArray\DynamicArray\DynamicArray.h(30,6): message : could be 'T &DynamicArray<T>::operator [](int)'
C:\Users\B5SK\Documents\School\DVC\2020-Spring\COMSC-210 Program Design & Data Structures\Programming Assignments\DynamicArray\DynamicArray\DynamicArray.h(29,5): message : or       'T DynamicArray<T>::operator [](int) const'
C:\Users\B5SK\Documents\School\DVC\2020-Spring\COMSC-210 Program Design & Data Structures\Programming Assignments\DynamicArray\DynamicArray\DynamicArray.TestDriver.cpp(142,29): message : while trying to match the argument list '(DynamicArray, int)'
C:\Users\B5SK\Documents\School\DVC\2020-Spring\COMSC-210 Program Design & Data Structures\Programming Assignments\DynamicArray\DynamicArray\DynamicArray.TestDriver.cpp(143,3): error C2678: binary '[': no operator found which takes a left-hand operand of type 'DynamicArray' (or there is no acceptable conversion)
C:\Users\B5SK\Documents\School\DVC\2020-Spring\COMSC-210 Program Design & Data Structures\Programming Assignments\DynamicArray\DynamicArray\DynamicArray.h(30,6): message : could be 'T &DynamicArray<T>::operator [](int)'
C:\Users\B5SK\Documents\School\DVC\2020-Spring\COMSC-210 Program Design & Data Structures\Programming Assignments\DynamicArray\DynamicArray\DynamicArray.h(29,5): message : or       'T DynamicArray<T>::operator [](int) const'
C:\Users\B5SK\Documents\School\DVC\2020-Spring\COMSC-210 Program Design & Data Structures\Programming Assignments\DynamicArray\DynamicArray\DynamicArray.TestDriver.cpp(143,3): message : while trying to match the argument list '(DynamicArray, int)'
C:\Users\B5SK\Documents\School\DVC\2020-Spring\COMSC-210 Program Design & Data Structures\Programming Assignments\DynamicArray\DynamicArray\DynamicArray.TestDriver.cpp(146,29): error C2678: binary '[': no operator found which takes a left-hand operand of type 'DynamicArray' (or there is no acceptable conversion)
C:\Users\B5SK\Documents\School\DVC\2020-Spring\COMSC-210 Program Design & Data Structures\Programming Assignments\DynamicArray\DynamicArray\DynamicArray.h(30,6): message : could be 'T &DynamicArray<T>::operator [](int)'
C:\Users\B5SK\Documents\School\DVC\2020-Spring\COMSC-210 Program Design & Data Structures\Programming Assignments\DynamicArray\DynamicArray\DynamicArray.h(29,5): message : or       'T DynamicArray<T>::operator [](int) const'
C:\Users\B5SK\Documents\School\DVC\2020-Spring\COMSC-210 Program Design & Data Structures\Programming Assignments\DynamicArray\DynamicArray\DynamicArray.TestDriver.cpp(146,29): message : while trying to match the argument list '(DynamicArray, int)'
C:\Users\B5SK\Documents\School\DVC\2020-Spring\COMSC-210 Program Design & Data Structures\Programming Assignments\DynamicArray\DynamicArray\DynamicArray.TestDriver.cpp(147,3): error C2678: binary '[': no operator found which takes a left-hand operand of type 'DynamicArray' (or there is no acceptable conversion)
C:\Users\B5SK\Documents\School\DVC\2020-Spring\COMSC-210 Program Design & Data Structures\Programming Assignments\DynamicArray\DynamicArray\DynamicArray.h(30,6): message : could be 'T &DynamicArray<T>::operator [](int)'
C:\Users\B5SK\Documents\School\DVC\2020-Spring\COMSC-210 Program Design & Data Structures\Programming Assignments\DynamicArray\DynamicArray\DynamicArray.h(29,5): message : or       'T DynamicArray<T>::operator [](int) const'
C:\Users\B5SK\Documents\School\DVC\2020-Spring\COMSC-210 Program Design & Data Structures\Programming Assignments\DynamicArray\DynamicArray\DynamicArray.TestDriver.cpp(147,3): message : while trying to match the argument list '(DynamicArray, int)'
C:\Users\B5SK\Documents\School\DVC\2020-Spring\COMSC-210 Program Design & Data Structures\Programming Assignments\DynamicArray\DynamicArray\DynamicArray.TestDriver.cpp(150,29): error C2678: binary '[': no operator found which takes a left-hand operand of type 'DynamicArray' (or there is no acceptable conversion)
C:\Users\B5SK\Documents\School\DVC\2020-Spring\COMSC-210 Program Design & Data Structures\Programming Assignments\DynamicArray\DynamicArray\DynamicArray.h(30,6): message : could be 'T &DynamicArray<T>::operator [](int)'
C:\Users\B5SK\Documents\School\DVC\2020-Spring\COMSC-210 Program Design & Data Structures\Programming Assignments\DynamicArray\DynamicArray\DynamicArray.h(29,5): message : or       'T DynamicArray<T>::operator [](int) const'
C:\Users\B5SK\Documents\School\DVC\2020-Spring\COMSC-210 Program Design & Data Structures\Programming Assignments\DynamicArray\DynamicArray\DynamicArray.TestDriver.cpp(150,29): message : while trying to match the argument list '(DynamicArray, int)'
C:\Users\B5SK\Documents\School\DVC\2020-Spring\COMSC-210 Program Design & Data Structures\Programming Assignments\DynamicArray\DynamicArray\DynamicArray.TestDriver.cpp(151,3): error C2678: binary '[': no operator found which takes a left-hand operand of type 'DynamicArray' (or there is no acceptable conversion)
C:\Users\B5SK\Documents\School\DVC\2020-Spring\COMSC-210 Program Design & Data Structures\Programming Assignments\DynamicArray\DynamicArray\DynamicArray.h(30,6): message : could be 'T &DynamicArray<T>::operator [](int)'
C:\Users\B5SK\Documents\School\DVC\2020-Spring\COMSC-210 Program Design & Data Structures\Programming Assignments\DynamicArray\DynamicArray\DynamicArray.h(29,5): message : or       'T DynamicArray<T>::operator [](int) const'
C:\Users\B5SK\Documents\School\DVC\2020-Spring\COMSC-210 Program Design & Data Structures\Programming Assignments\DynamicArray\DynamicArray\DynamicArray.TestDriver.cpp(151,3): message : while trying to match the argument list '(DynamicArray, int)'
C:\Users\B5SK\Documents\School\DVC\2020-Spring\COMSC-210 Program Design & Data Structures\Programming Assignments\DynamicArray\DynamicArray\DynamicArray.TestDriver.cpp(154,29): error C2678: binary '[': no operator found which takes a left-hand operand of type 'DynamicArray' (or there is no acceptable conversion)
C:\Users\B5SK\Documents\School\DVC\2020-Spring\COMSC-210 Program Design & Data Structures\Programming Assignments\DynamicArray\DynamicArray\DynamicArray.h(30,6): message : could be 'T &DynamicArray<T>::operator [](int)'
C:\Users\B5SK\Documents\School\DVC\2020-Spring\COMSC-210 Program Design & Data Structures\Programming Assignments\DynamicArray\DynamicArray\DynamicArray.h(29,5): message : or       'T DynamicArray<T>::operator [](int) const'
C:\Users\B5SK\Documents\School\DVC\2020-Spring\COMSC-210 Program Design & Data Structures\Programming Assignments\DynamicArray\DynamicArray\DynamicArray.TestDriver.cpp(154,29): message : while trying to match the argument list '(DynamicArray, int)'
C:\Users\B5SK\Documents\School\DVC\2020-Spring\COMSC-210 Program Design & Data Structures\Programming Assignments\DynamicArray\DynamicArray\DynamicArray.TestDriver.cpp(155,3): error C2678: binary '[': no operator found which takes a left-hand operand of type 'DynamicArray' (or there is no acceptable conversion)
C:\Users\B5SK\Documents\School\DVC\2020-Spring\COMSC-210 Program Design & Data Structures\Programming Assignments\DynamicArray\DynamicArray\DynamicArray.h(30,6): message : could be 'T &DynamicArray<T>::operator [](int)'
C:\Users\B5SK\Documents\School\DVC\2020-Spring\COMSC-210 Program Design & Data Structures\Programming Assignments\DynamicArray\DynamicArray\DynamicArray.h(29,5): message : or       'T DynamicArray<T>::operator [](int) const'
C:\Users\B5SK\Documents\School\DVC\2020-Spring\COMSC-210 Program Design & Data Structures\Programming Assignments\DynamicArray\DynamicArray\DynamicArray.TestDriver.cpp(155,3): message : while trying to match the argument list '(DynamicArray, int)'
C:\Users\B5SK\Documents\School\DVC\2020-Spring\COMSC-210 Program Design & Data Structures\Programming Assignments\DynamicArray\DynamicArray\DynamicArray.TestDriver.cpp(160,8): error C2678: binary '[': no operator found which takes a left-hand operand of type 'DynamicArray' (or there is no acceptable conversion)
C:\Users\B5SK\Documents\School\DVC\2020-Spring\COMSC-210 Program Design & Data Structures\Programming Assignments\DynamicArray\DynamicArray\DynamicArray.h(30,6): message : could be 'T &DynamicArray<T>::operator [](int)'
C:\Users\B5SK\Documents\School\DVC\2020-Spring\COMSC-210 Program Design & Data Structures\Programming Assignments\DynamicArray\DynamicArray\DynamicArray.h(29,5): message : or       'T DynamicArray<T>::operator [](int) const'
C:\Users\B5SK\Documents\School\DVC\2020-Spring\COMSC-210 Program Design & Data Structures\Programming Assignments\DynamicArray\DynamicArray\DynamicArray.TestDriver.cpp(160,8): message : while trying to match the argument list '(DynamicArray, int)'
C:\Users\B5SK\Documents\School\DVC\2020-Spring\COMSC-210 Program Design & Data Structures\Programming Assignments\DynamicArray\DynamicArray\DynamicArray.TestDriver.cpp(163,30): error C2678: binary '[': no operator found which takes a left-hand operand of type 'DynamicArray' (or there is no acceptable conversion)
C:\Users\B5SK\Documents\School\DVC\2020-Spring\COMSC-210 Program Design & Data Structures\Programming Assignments\DynamicArray\DynamicArray\DynamicArray.h(30,6): message : could be 'T &DynamicArray<T>::operator [](int)'
C:\Users\B5SK\Documents\School\DVC\2020-Spring\COMSC-210 Program Design & Data Structures\Programming Assignments\DynamicArray\DynamicArray\DynamicArray.h(29,5): message : or       'T DynamicArray<T>::operator [](int) const'
C:\Users\B5SK\Documents\School\DVC\2020-Spring\COMSC-210 Program Design & Data Structures\Programming Assignments\DynamicArray\DynamicArray\DynamicArray.TestDriver.cpp(163,30): message : while trying to match the argument list '(DynamicArray, int)'
C:\Users\B5SK\Documents\School\DVC\2020-Spring\COMSC-210 Program Design & Data Structures\Programming Assignments\DynamicArray\DynamicArray\DynamicArray.TestDriver.cpp(164,3): error C2678: binary '[': no operator found which takes a left-hand operand of type 'DynamicArray' (or there is no acceptable conversion)
C:\Users\B5SK\Documents\School\DVC\2020-Spring\COMSC-210 Program Design & Data Structures\Programming Assignments\DynamicArray\DynamicArray\DynamicArray.h(30,6): message : could be 'T &DynamicArray<T>::operator [](int)'
C:\Users\B5SK\Documents\School\DVC\2020-Spring\COMSC-210 Program Design & Data Structures\Programming Assignments\DynamicArray\DynamicArray\DynamicArray.h(29,5): message : or       'T DynamicArray<T>::operator [](int) const'
C:\Users\B5SK\Documents\School\DVC\2020-Spring\COMSC-210 Program Design & Data Structures\Programming Assignments\DynamicArray\DynamicArray\DynamicArray.TestDriver.cpp(164,3): message : while trying to match the argument list '(DynamicArray, int)'
C:\Users\B5SK\Documents\School\DVC\2020-Spring\COMSC-210 Program Design & Data Structures\Programming Assignments\DynamicArray\DynamicArray\DynamicArray.TestDriver.cpp(167,31): error C2678: binary '[': no operator found which takes a left-hand operand of type 'DynamicArray' (or there is no acceptable conversion)
C:\Users\B5SK\Documents\School\DVC\2020-Spring\COMSC-210 Program Design & Data Structures\Programming Assignments\DynamicArray\DynamicArray\DynamicArray.h(30,6): message : could be 'T &DynamicArray<T>::operator [](int)'
C:\Users\B5SK\Documents\School\DVC\2020-Spring\COMSC-210 Program Design & Data Structures\Programming Assignments\DynamicArray\DynamicArray\DynamicArray.h(29,5): message : or       'T DynamicArray<T>::operator [](int) const'
C:\Users\B5SK\Documents\School\DVC\2020-Spring\COMSC-210 Program Design & Data Structures\Programming Assignments\DynamicArray\DynamicArray\DynamicArray.TestDriver.cpp(167,31): message : while trying to match the argument list '(DynamicArray, int)'
C:\Users\B5SK\Documents\School\DVC\2020-Spring\COMSC-210 Program Design & Data Structures\Programming Assignments\DynamicArray\DynamicArray\DynamicArray.TestDriver.cpp(168,3): error C2678: binary '[': no operator found which takes a left-hand operand of type 'DynamicArray' (or there is no acceptable conversion)
C:\Users\B5SK\Documents\School\DVC\2020-Spring\COMSC-210 Program Design & Data Structures\Programming Assignments\DynamicArray\DynamicArray\DynamicArray.h(30,6): message : could be 'T &DynamicArray<T>::operator [](int)'
C:\Users\B5SK\Documents\School\DVC\2020-Spring\COMSC-210 Program Design & Data Structures\Programming Assignments\DynamicArray\DynamicArray\DynamicArray.h(29,5): message : or       'T DynamicArray<T>::operator [](int) const'
C:\Users\B5SK\Documents\School\DVC\2020-Spring\COMSC-210 Program Design & Data Structures\Programming Assignments\DynamicArray\DynamicArray\DynamicArray.TestDriver.cpp(168,3): message : while trying to match the argument list '(DynamicArray, int)'
C:\Users\B5SK\Documents\School\DVC\2020-Spring\COMSC-210 Program Design & Data Structures\Programming Assignments\DynamicArray\DynamicArray\DynamicArray.TestDriver.cpp(172,3): error C2678: binary '[': no operator found which takes a left-hand operand of type 'DynamicArray' (or there is no acceptable conversion)
C:\Users\B5SK\Documents\School\DVC\2020-Spring\COMSC-210 Program Design & Data Structures\Programming Assignments\DynamicArray\DynamicArray\DynamicArray.h(30,6): message : could be 'T &DynamicArray<T>::operator [](int)'
C:\Users\B5SK\Documents\School\DVC\2020-Spring\COMSC-210 Program Design & Data Structures\Programming Assignments\DynamicArray\DynamicArray\DynamicArray.h(29,5): message : or       'T DynamicArray<T>::operator [](int) const'
C:\Users\B5SK\Documents\School\DVC\2020-Spring\COMSC-210 Program Design & Data Structures\Programming Assignments\DynamicArray\DynamicArray\DynamicArray.TestDriver.cpp(172,3): message : while trying to match the argument list '(DynamicArray, int)'
C:\Users\B5SK\Documents\School\DVC\2020-Spring\COMSC-210 Program Design & Data Structures\Programming Assignments\DynamicArray\DynamicArray\DynamicArray.TestDriver.cpp(173,3): error C2678: binary '[': no operator found which takes a left-hand operand of type 'DynamicArray' (or there is no acceptable conversion)
C:\Users\B5SK\Documents\School\DVC\2020-Spring\COMSC-210 Program Design & Data Structures\Programming Assignments\DynamicArray\DynamicArray\DynamicArray.h(30,6): message : could be 'T &DynamicArray<T>::operator [](int)'
C:\Users\B5SK\Documents\School\DVC\2020-Spring\COMSC-210 Program Design & Data Structures\Programming Assignments\DynamicArray\DynamicArray\DynamicArray.h(29,5): message : or       'T DynamicArray<T>::operator [](int) const'
C:\Users\B5SK\Documents\School\DVC\2020-Spring\COMSC-210 Program Design & Data Structures\Programming Assignments\DynamicArray\DynamicArray\DynamicArray.TestDriver.cpp(173,3): message : while trying to match the argument list '(DynamicArray, int)'
C:\Users\B5SK\Documents\School\DVC\2020-Spring\COMSC-210 Program Design & Data Structures\Programming Assignments\DynamicArray\DynamicArray\DynamicArray.TestDriver.cpp(174,3): error C2678: binary '[': no operator found which takes a left-hand operand of type 'DynamicArray' (or there is no acceptable conversion)
C:\Users\B5SK\Documents\School\DVC\2020-Spring\COMSC-210 Program Design & Data Structures\Programming Assignments\DynamicArray\DynamicArray\DynamicArray.h(30,6): message : could be 'T &DynamicArray<T>::operator [](int)'
C:\Users\B5SK\Documents\School\DVC\2020-Spring\COMSC-210 Program Design & Data Structures\Programming Assignments\DynamicArray\DynamicArray\DynamicArray.h(29,5): message : or       'T DynamicArray<T>::operator [](int) const'
C:\Users\B5SK\Documents\School\DVC\2020-Spring\COMSC-210 Program Design & Data Structures\Programming Assignments\DynamicArray\DynamicArray\DynamicArray.TestDriver.cpp(174,3): message : while trying to match the argument list '(DynamicArray, int)'
C:\Users\B5SK\Documents\School\DVC\2020-Spring\COMSC-210 Program Design & Data Structures\Programming Assignments\DynamicArray\DynamicArray\DynamicArray.TestDriver.cpp(178,34): error C2514: 'DynamicArray': class template cannot be constructed
C:\Users\B5SK\Documents\School\DVC\2020-Spring\COMSC-210 Program Design & Data Structures\Programming Assignments\DynamicArray\DynamicArray\DynamicArray.h(15): message : see declaration of 'DynamicArray'
C:\Users\B5SK\Documents\School\DVC\2020-Spring\COMSC-210 Program Design & Data Structures\Programming Assignments\DynamicArray\DynamicArray\DynamicArray.TestDriver.cpp(179,24): error C2663: 'DynamicArray<T>::capacity': 2 overloads have no legal conversion for 'this' pointer
C:\Users\B5SK\Documents\School\DVC\2020-Spring\COMSC-210 Program Design & Data Structures\Programming Assignments\DynamicArray\DynamicArray\DynamicArray.TestDriver.cpp(180,5): error C2678: binary '[': no operator found which takes a left-hand operand of type 'DynamicArray' (or there is no acceptable conversion)
C:\Users\B5SK\Documents\School\DVC\2020-Spring\COMSC-210 Program Design & Data Structures\Programming Assignments\DynamicArray\DynamicArray\DynamicArray.h(30,6): message : could be 'T &DynamicArray<T>::operator [](int)'
C:\Users\B5SK\Documents\School\DVC\2020-Spring\COMSC-210 Program Design & Data Structures\Programming Assignments\DynamicArray\DynamicArray\DynamicArray.h(29,5): message : or       'T DynamicArray<T>::operator [](int) const'
C:\Users\B5SK\Documents\School\DVC\2020-Spring\COMSC-210 Program Design & Data Structures\Programming Assignments\DynamicArray\DynamicArray\DynamicArray.TestDriver.cpp(180,5): message : while trying to match the argument list '(DynamicArray, int)'
C:\Users\B5SK\Documents\School\DVC\2020-Spring\COMSC-210 Program Design & Data Structures\Programming Assignments\DynamicArray\DynamicArray\DynamicArray.TestDriver.cpp(180,5): error C2678: binary '[': no operator found which takes a left-hand operand of type 'const DynamicArray' (or there is no acceptable conversion)
C:\Users\B5SK\Documents\School\DVC\2020-Spring\COMSC-210 Program Design & Data Structures\Programming Assignments\DynamicArray\DynamicArray\DynamicArray.h(30,6): message : could be 'T &DynamicArray<T>::operator [](int)'
C:\Users\B5SK\Documents\School\DVC\2020-Spring\COMSC-210 Program Design & Data Structures\Programming Assignments\DynamicArray\DynamicArray\DynamicArray.h(29,5): message : or       'T DynamicArray<T>::operator [](int) const'
C:\Users\B5SK\Documents\School\DVC\2020-Spring\COMSC-210 Program Design & Data Structures\Programming Assignments\DynamicArray\DynamicArray\DynamicArray.TestDriver.cpp(180,5): message : while trying to match the argument list '(const DynamicArray, int)'
C:\Users\B5SK\Documents\School\DVC\2020-Spring\COMSC-210 Program Design & Data Structures\Programming Assignments\DynamicArray\DynamicArray\DynamicArray.TestDriver.cpp(185,28): error C2514: 'DynamicArray': class template cannot be constructed
C:\Users\B5SK\Documents\School\DVC\2020-Spring\COMSC-210 Program Design & Data Structures\Programming Assignments\DynamicArray\DynamicArray\DynamicArray.h(15): message : see declaration of 'DynamicArray'
C:\Users\B5SK\Documents\School\DVC\2020-Spring\COMSC-210 Program Design & Data Structures\Programming Assignments\DynamicArray\DynamicArray\DynamicArray.TestDriver.cpp(186,3): error C2663: 'DynamicArray<T>::capacity': 2 overloads have no legal conversion for 'this' pointer
C:\Users\B5SK\Documents\School\DVC\2020-Spring\COMSC-210 Program Design & Data Structures\Programming Assignments\DynamicArray\DynamicArray\DynamicArray.TestDriver.cpp(187,24): error C2663: 'DynamicArray<T>::capacity': 2 overloads have no legal conversion for 'this' pointer
C:\Users\B5SK\Documents\School\DVC\2020-Spring\COMSC-210 Program Design & Data Structures\Programming Assignments\DynamicArray\DynamicArray\DynamicArray.TestDriver.cpp(188,5): error C2678: binary '[': no operator found which takes a left-hand operand of type 'DynamicArray' (or there is no acceptable conversion)
C:\Users\B5SK\Documents\School\DVC\2020-Spring\COMSC-210 Program Design & Data Structures\Programming Assignments\DynamicArray\DynamicArray\DynamicArray.h(30,6): message : could be 'T &DynamicArray<T>::operator [](int)'
C:\Users\B5SK\Documents\School\DVC\2020-Spring\COMSC-210 Program Design & Data Structures\Programming Assignments\DynamicArray\DynamicArray\DynamicArray.h(29,5): message : or       'T DynamicArray<T>::operator [](int) const'
C:\Users\B5SK\Documents\School\DVC\2020-Spring\COMSC-210 Program Design & Data Structures\Programming Assignments\DynamicArray\DynamicArray\DynamicArray.TestDriver.cpp(188,5): message : while trying to match the argument list '(DynamicArray, int)'
C:\Users\B5SK\Documents\School\DVC\2020-Spring\COMSC-210 Program Design & Data Structures\Programming Assignments\DynamicArray\DynamicArray\DynamicArray.TestDriver.cpp(188,5): error C2088: '[': illegal for class
C:\Users\B5SK\Documents\School\DVC\2020-Spring\COMSC-210 Program Design & Data Structures\Programming Assignments\DynamicArray\DynamicArray\DynamicArray.TestDriver.cpp(190,24): error C2663: 'DynamicArray<T>::capacity': 2 overloads have no legal conversion for 'this' pointer
C:\Users\B5SK\Documents\School\DVC\2020-Spring\COMSC-210 Program Design & Data Structures\Programming Assignments\DynamicArray\DynamicArray\DynamicArray.TestDriver.cpp(191,8): error C2678: binary '[': no operator found which takes a left-hand operand of type 'DynamicArray' (or there is no acceptable conversion)
C:\Users\B5SK\Documents\School\DVC\2020-Spring\COMSC-210 Program Design & Data Structures\Programming Assignments\DynamicArray\DynamicArray\DynamicArray.TestDriver.cpp(191,8): fatal error C1003: error count exceeds 100; stopping compilation
